2015-10-20 15:17:21.828 INFO  (main) [   ] o.e.j.u.log Logging initialized @503ms
2015-10-20 15:17:22.235 INFO  (main) [   ] o.e.j.s.Server jetty-9.2.11.v20150529
2015-10-20 15:17:22.250 WARN  (main) [   ] o.e.j.s.h.RequestLogHandler !RequestLog
2015-10-20 15:17:22.253 INFO  (main) [   ] o.e.j.d.p.ScanningAppProvider Deployment monitor [file:/home/nikhin/Downloads/solr-5.3.1/server/contexts/] at interval 0
2015-10-20 15:17:23.164 INFO  (main) [   ] o.e.j.w.StandardDescriptorProcessor NO JSP Support for /solr, did not find org.apache.jasper.servlet.JspServlet
2015-10-20 15:17:23.205 WARN  (main) [   ] o.e.j.s.SecurityHandler ServletContext@o.e.j.w.WebAppContext@9abf05c{/solr,file:/home/nikhin/Downloads/solr-5.3.1/server/solr-webapp/webapp/,STARTING}{/home/nikhin/Downloads/solr-5.3.1/server/solr-webapp/webapp} has uncovered http methods for path: /
2015-10-20 15:17:23.221 INFO  (main) [   ] o.a.s.s.SolrDispatchFilter SolrDispatchFilter.init(): WebAppClassLoader=348398109@14c4221d
2015-10-20 15:17:23.238 INFO  (main) [   ] o.a.s.c.SolrResourceLoader JNDI not configured for solr (NoInitialContextEx)
2015-10-20 15:17:23.238 INFO  (main) [   ] o.a.s.c.SolrResourceLoader using system property solr.solr.home: /home/nikhin/Downloads/solr-5.3.1/server/solr
2015-10-20 15:17:23.240 INFO  (main) [   ] o.a.s.c.SolrResourceLoader new SolrResourceLoader for directory: '/home/nikhin/Downloads/solr-5.3.1/server/solr/'
2015-10-20 15:17:23.529 INFO  (main) [   ] o.a.s.c.SolrXmlConfig Loading container configuration from /home/nikhin/Downloads/solr-5.3.1/server/solr/solr.xml
2015-10-20 15:17:23.630 INFO  (main) [   ] o.a.s.c.CoresLocator Config-defined core root directory: /home/nikhin/Downloads/solr-5.3.1/server/solr
2015-10-20 15:17:23.662 INFO  (main) [   ] o.a.s.c.CoreContainer New CoreContainer 103411218
2015-10-20 15:17:23.663 INFO  (main) [   ] o.a.s.c.CoreContainer Loading cores into CoreContainer [instanceDir=/home/nikhin/Downloads/solr-5.3.1/server/solr/]
2015-10-20 15:17:23.663 INFO  (main) [   ] o.a.s.c.CoreContainer loading shared library: /home/nikhin/Downloads/solr-5.3.1/server/solr/lib
2015-10-20 15:17:23.663 WARN  (main) [   ] o.a.s.c.SolrResourceLoader Can't find (or read) directory to add to classloader: lib (resolved as: /home/nikhin/Downloads/solr-5.3.1/server/solr/lib).
2015-10-20 15:17:23.698 INFO  (main) [   ] o.a.s.h.c.HttpShardHandlerFactory created with socketTimeout : 600000,connTimeout : 60000,maxConnectionsPerHost : 20,maxConnections : 10000,corePoolSize : 0,maximumPoolSize : 2147483647,maxThreadIdleTime : 5,sizeOfQueue : -1,fairnessPolicy : false,useRetries : false,
2015-10-20 15:17:24.152 INFO  (main) [   ] o.a.s.u.UpdateShardHandler Creating UpdateShardHandler HTTP client with params: socketTimeout=600000&connTimeout=60000&retry=true
2015-10-20 15:17:24.155 INFO  (main) [   ] o.a.s.l.LogWatcher SLF4J impl is org.slf4j.impl.Log4jLoggerFactory
2015-10-20 15:17:24.155 INFO  (main) [   ] o.a.s.l.LogWatcher Registering Log Listener [Log4j (org.slf4j.impl.Log4jLoggerFactory)]
2015-10-20 15:17:24.157 INFO  (main) [   ] o.a.s.c.CoreContainer Security conf doesn't exist. Skipping setup for authorization module.
2015-10-20 15:17:24.157 INFO  (main) [   ] o.a.s.c.CoreContainer No authentication plugin used.
2015-10-20 15:17:24.202 INFO  (main) [   ] o.a.s.c.CoresLocator Looking for core definitions underneath /home/nikhin/Downloads/solr-5.3.1/server/solr
2015-10-20 15:17:24.223 INFO  (main) [   ] o.a.s.c.SolrCore Created CoreDescriptor: {name=cloudwiki, config=solrconfig.xml, transient=false, schema=schema.xml, loadOnStartup=true, configSetProperties=configsetprops.json, instanceDir=/home/nikhin/Downloads/solr-5.3.1/server/solr/cloudwiki, absoluteInstDir=/home/nikhin/Downloads/solr-5.3.1/server/solr/cloudwiki/, dataDir=data/}
2015-10-20 15:17:24.223 INFO  (main) [   ] o.a.s.c.CoresLocator Found core cloudwiki in /home/nikhin/Downloads/solr-5.3.1/server/solr/cloudwiki/
2015-10-20 15:17:24.228 INFO  (main) [   ] o.a.s.c.CoresLocator Found 1 core definitions
2015-10-20 15:17:24.232 INFO  (coreLoadExecutor-6-thread-1) [   ] o.a.s.c.SolrResourceLoader new SolrResourceLoader for directory: '/home/nikhin/Downloads/solr-5.3.1/server/solr/cloudwiki/'
2015-10-20 15:17:24.236 INFO  (main) [   ] o.a.s.s.SolrDispatchFilter user.dir=/home/nikhin/Downloads/solr-5.3.1/server
2015-10-20 15:17:24.236 INFO  (main) [   ] o.a.s.s.SolrDispatchFilter SolrDispatchFilter.init() done
2015-10-20 15:17:24.295 INFO  (main) [   ] o.e.j.s.h.ContextHandler Started o.e.j.w.WebAppContext@9abf05c{/solr,file:/home/nikhin/Downloads/solr-5.3.1/server/solr-webapp/webapp/,AVAILABLE}{/home/nikhin/Downloads/solr-5.3.1/server/solr-webapp/webapp}
2015-10-20 15:17:24.340 INFO  (main) [   ] o.e.j.s.ServerConnector Started ServerConnector@53b646f3{HTTP/1.1}{0.0.0.0:8983}
2015-10-20 15:17:24.340 INFO  (main) [   ] o.e.j.s.Server Started @3018ms
2015-10-20 15:17:24.421 INFO  (coreLoadExecutor-6-thread-1) [   ] o.a.s.c.SolrConfig current version of requestparams : 0
2015-10-20 15:17:24.434 INFO  (coreLoadExecutor-6-thread-1) [   ] o.a.s.c.SolrConfig Adding specified lib dirs to ClassLoader
2015-10-20 15:17:24.447 INFO  (coreLoadExecutor-6-thread-1) [   ] o.a.s.c.SolrResourceLoader Adding 'file:/home/nikhin/Downloads/solr-5.3.1/contrib/extraction/lib/vorbis-java-tika-0.6.jar' to classloader
2015-10-20 15:17:24.447 INFO  (coreLoadExecutor-6-thread-1) [   ] o.a.s.c.SolrResourceLoader Adding 'file:/home/nikhin/Downloads/solr-5.3.1/contrib/extraction/lib/jempbox-1.8.8.jar' to classloader
2015-10-20 15:17:24.447 INFO  (coreLoadExecutor-6-thread-1) [   ] o.a.s.c.SolrResourceLoader Adding 'file:/home/nikhin/Downloads/solr-5.3.1/contrib/extraction/lib/apache-mime4j-core-0.7.2.jar' to classloader
2015-10-20 15:17:24.447 INFO  (coreLoadExecutor-6-thread-1) [   ] o.a.s.c.SolrResourceLoader Adding 'file:/home/nikhin/Downloads/solr-5.3.1/contrib/extraction/lib/bcmail-jdk15-1.45.jar' to classloader
2015-10-20 15:17:24.447 INFO  (coreLoadExecutor-6-thread-1) [   ] o.a.s.c.SolrResourceLoader Adding 'file:/home/nikhin/Downloads/solr-5.3.1/contrib/extraction/lib/vorbis-java-core-0.6.jar' to classloader
2015-10-20 15:17:24.447 INFO  (coreLoadExecutor-6-thread-1) [   ] o.a.s.c.SolrResourceLoader Adding 'file:/home/nikhin/Downloads/solr-5.3.1/contrib/extraction/lib/jdom-1.0.jar' to classloader
2015-10-20 15:17:24.448 INFO  (coreLoadExecutor-6-thread-1) [   ] o.a.s.c.SolrResourceLoader Adding 'file:/home/nikhin/Downloads/solr-5.3.1/contrib/extraction/lib/aspectjrt-1.8.0.jar' to classloader
2015-10-20 15:17:24.448 INFO  (coreLoadExecutor-6-thread-1) [   ] o.a.s.c.SolrResourceLoader Adding 'file:/home/nikhin/Downloads/solr-5.3.1/contrib/extraction/lib/tagsoup-1.2.1.jar' to classloader
2015-10-20 15:17:24.448 INFO  (coreLoadExecutor-6-thread-1) [   ] o.a.s.c.SolrResourceLoader Adding 'file:/home/nikhin/Downloads/solr-5.3.1/contrib/extraction/lib/boilerpipe-1.1.0.jar' to classloader
2015-10-20 15:17:24.448 INFO  (coreLoadExecutor-6-thread-1) [   ] o.a.s.c.SolrResourceLoader Adding 'file:/home/nikhin/Downloads/solr-5.3.1/contrib/extraction/lib/metadata-extractor-2.6.2.jar' to classloader
2015-10-20 15:17:24.448 INFO  (coreLoadExecutor-6-thread-1) [   ] o.a.s.c.SolrResourceLoader Adding 'file:/home/nikhin/Downloads/solr-5.3.1/contrib/extraction/lib/poi-3.11.jar' to classloader
2015-10-20 15:17:24.449 INFO  (coreLoadExecutor-6-thread-1) [   ] o.a.s.c.SolrResourceLoader Adding 'file:/home/nikhin/Downloads/solr-5.3.1/contrib/extraction/lib/tika-core-1.7.jar' to classloader
2015-10-20 15:17:24.449 INFO  (coreLoadExecutor-6-thread-1) [   ] o.a.s.c.SolrResourceLoader Adding 'file:/home/nikhin/Downloads/solr-5.3.1/contrib/extraction/lib/tika-xmp-1.7.jar' to classloader
2015-10-20 15:17:24.449 INFO  (coreLoadExecutor-6-thread-1) [   ] o.a.s.c.SolrResourceLoader Adding 'file:/home/nikhin/Downloads/solr-5.3.1/contrib/extraction/lib/icu4j-54.1.jar' to classloader
2015-10-20 15:17:24.449 INFO  (coreLoadExecutor-6-thread-1) [   ] o.a.s.c.SolrResourceLoader Adding 'file:/home/nikhin/Downloads/solr-5.3.1/contrib/extraction/lib/fontbox-1.8.8.jar' to classloader
2015-10-20 15:17:24.450 INFO  (coreLoadExecutor-6-thread-1) [   ] o.a.s.c.SolrResourceLoader Adding 'file:/home/nikhin/Downloads/solr-5.3.1/contrib/extraction/lib/isoparser-1.0.2.jar' to classloader
2015-10-20 15:17:24.450 INFO  (coreLoadExecutor-6-thread-1) [   ] o.a.s.c.SolrResourceLoader Adding 'file:/home/nikhin/Downloads/solr-5.3.1/contrib/extraction/lib/xmpcore-5.1.2.jar' to classloader
2015-10-20 15:17:24.450 INFO  (coreLoadExecutor-6-thread-1) [   ] o.a.s.c.SolrResourceLoader Adding 'file:/home/nikhin/Downloads/solr-5.3.1/contrib/extraction/lib/poi-ooxml-schemas-3.11.jar' to classloader
2015-10-20 15:17:24.450 INFO  (coreLoadExecutor-6-thread-1) [   ] o.a.s.c.SolrResourceLoader Adding 'file:/home/nikhin/Downloads/solr-5.3.1/contrib/extraction/lib/jmatio-1.0.jar' to classloader
2015-10-20 15:17:24.452 INFO  (coreLoadExecutor-6-thread-1) [   ] o.a.s.c.SolrResourceLoader Adding 'file:/home/nikhin/Downloads/solr-5.3.1/contrib/extraction/lib/poi-scratchpad-3.11.jar' to classloader
2015-10-20 15:17:24.452 INFO  (coreLoadExecutor-6-thread-1) [   ] o.a.s.c.SolrResourceLoader Adding 'file:/home/nikhin/Downloads/solr-5.3.1/contrib/extraction/lib/xmlbeans-2.6.0.jar' to classloader
2015-10-20 15:17:24.452 INFO  (coreLoadExecutor-6-thread-1) [   ] o.a.s.c.SolrResourceLoader Adding 'file:/home/nikhin/Downloads/solr-5.3.1/contrib/extraction/lib/pdfbox-1.8.8.jar' to classloader
2015-10-20 15:17:24.453 INFO  (coreLoadExecutor-6-thread-1) [   ] o.a.s.c.SolrResourceLoader Adding 'file:/home/nikhin/Downloads/solr-5.3.1/contrib/extraction/lib/apache-mime4j-dom-0.7.2.jar' to classloader
2015-10-20 15:17:24.453 INFO  (coreLoadExecutor-6-thread-1) [   ] o.a.s.c.SolrResourceLoader Adding 'file:/home/nikhin/Downloads/solr-5.3.1/contrib/extraction/lib/juniversalchardet-1.0.3.jar' to classloader
2015-10-20 15:17:24.453 INFO  (coreLoadExecutor-6-thread-1) [   ] o.a.s.c.SolrResourceLoader Adding 'file:/home/nikhin/Downloads/solr-5.3.1/contrib/extraction/lib/tika-parsers-1.7.jar' to classloader
2015-10-20 15:17:24.453 INFO  (coreLoadExecutor-6-thread-1) [   ] o.a.s.c.SolrResourceLoader Adding 'file:/home/nikhin/Downloads/solr-5.3.1/contrib/extraction/lib/commons-compress-1.8.1.jar' to classloader
2015-10-20 15:17:24.453 INFO  (coreLoadExecutor-6-thread-1) [   ] o.a.s.c.SolrResourceLoader Adding 'file:/home/nikhin/Downloads/solr-5.3.1/contrib/extraction/lib/bcprov-jdk15-1.45.jar' to classloader
2015-10-20 15:17:24.453 INFO  (coreLoadExecutor-6-thread-1) [   ] o.a.s.c.SolrResourceLoader Adding 'file:/home/nikhin/Downloads/solr-5.3.1/contrib/extraction/lib/xz-1.5.jar' to classloader
2015-10-20 15:17:24.453 INFO  (coreLoadExecutor-6-thread-1) [   ] o.a.s.c.SolrResourceLoader Adding 'file:/home/nikhin/Downloads/solr-5.3.1/contrib/extraction/lib/tika-java7-1.7.jar' to classloader
2015-10-20 15:17:24.454 INFO  (coreLoadExecutor-6-thread-1) [   ] o.a.s.c.SolrResourceLoader Adding 'file:/home/nikhin/Downloads/solr-5.3.1/contrib/extraction/lib/xercesImpl-2.9.1.jar' to classloader
2015-10-20 15:17:24.454 INFO  (coreLoadExecutor-6-thread-1) [   ] o.a.s.c.SolrResourceLoader Adding 'file:/home/nikhin/Downloads/solr-5.3.1/contrib/extraction/lib/java-libpst-0.8.1.jar' to classloader
2015-10-20 15:17:24.454 INFO  (coreLoadExecutor-6-thread-1) [   ] o.a.s.c.SolrResourceLoader Adding 'file:/home/nikhin/Downloads/solr-5.3.1/contrib/extraction/lib/rome-1.0.jar' to classloader
2015-10-20 15:17:24.454 INFO  (coreLoadExecutor-6-thread-1) [   ] o.a.s.c.SolrResourceLoader Adding 'file:/home/nikhin/Downloads/solr-5.3.1/contrib/extraction/lib/poi-ooxml-3.11.jar' to classloader
2015-10-20 15:17:24.460 INFO  (coreLoadExecutor-6-thread-1) [   ] o.a.s.c.SolrResourceLoader Adding 'file:/home/nikhin/Downloads/solr-5.3.1/dist/solr-cell-5.3.1.jar' to classloader
2015-10-20 15:17:24.462 INFO  (coreLoadExecutor-6-thread-1) [   ] o.a.s.c.SolrResourceLoader Adding 'file:/home/nikhin/Downloads/solr-5.3.1/contrib/clustering/lib/mahout-math-0.6.jar' to classloader
2015-10-20 15:17:24.462 INFO  (coreLoadExecutor-6-thread-1) [   ] o.a.s.c.SolrResourceLoader Adding 'file:/home/nikhin/Downloads/solr-5.3.1/contrib/clustering/lib/jackson-core-asl-1.9.13.jar' to classloader
2015-10-20 15:17:24.462 INFO  (coreLoadExecutor-6-thread-1) [   ] o.a.s.c.SolrResourceLoader Adding 'file:/home/nikhin/Downloads/solr-5.3.1/contrib/clustering/lib/attributes-binder-1.2.1.jar' to classloader
2015-10-20 15:17:24.462 INFO  (coreLoadExecutor-6-thread-1) [   ] o.a.s.c.SolrResourceLoader Adding 'file:/home/nikhin/Downloads/solr-5.3.1/contrib/clustering/lib/carrot2-mini-3.9.0.jar' to classloader
2015-10-20 15:17:24.462 INFO  (coreLoadExecutor-6-thread-1) [   ] o.a.s.c.SolrResourceLoader Adding 'file:/home/nikhin/Downloads/solr-5.3.1/contrib/clustering/lib/mahout-collections-1.0.jar' to classloader
2015-10-20 15:17:24.462 INFO  (coreLoadExecutor-6-thread-1) [   ] o.a.s.c.SolrResourceLoader Adding 'file:/home/nikhin/Downloads/solr-5.3.1/contrib/clustering/lib/jackson-mapper-asl-1.9.13.jar' to classloader
2015-10-20 15:17:24.462 INFO  (coreLoadExecutor-6-thread-1) [   ] o.a.s.c.SolrResourceLoader Adding 'file:/home/nikhin/Downloads/solr-5.3.1/contrib/clustering/lib/hppc-0.5.2.jar' to classloader
2015-10-20 15:17:24.463 INFO  (coreLoadExecutor-6-thread-1) [   ] o.a.s.c.SolrResourceLoader Adding 'file:/home/nikhin/Downloads/solr-5.3.1/contrib/clustering/lib/simple-xml-2.7.jar' to classloader
2015-10-20 15:17:24.463 INFO  (coreLoadExecutor-6-thread-1) [   ] o.a.s.c.SolrResourceLoader Adding 'file:/home/nikhin/Downloads/solr-5.3.1/dist/solr-clustering-5.3.1.jar' to classloader
2015-10-20 15:17:24.464 INFO  (coreLoadExecutor-6-thread-1) [   ] o.a.s.c.SolrResourceLoader Adding 'file:/home/nikhin/Downloads/solr-5.3.1/contrib/langid/lib/langdetect-1.1-20120112.jar' to classloader
2015-10-20 15:17:24.464 INFO  (coreLoadExecutor-6-thread-1) [   ] o.a.s.c.SolrResourceLoader Adding 'file:/home/nikhin/Downloads/solr-5.3.1/contrib/langid/lib/jsonic-1.2.7.jar' to classloader
2015-10-20 15:17:24.466 INFO  (coreLoadExecutor-6-thread-1) [   ] o.a.s.c.SolrResourceLoader Adding 'file:/home/nikhin/Downloads/solr-5.3.1/dist/solr-langid-5.3.1.jar' to classloader
2015-10-20 15:17:24.466 INFO  (coreLoadExecutor-6-thread-1) [   ] o.a.s.c.SolrResourceLoader Adding 'file:/home/nikhin/Downloads/solr-5.3.1/contrib/velocity/lib/commons-beanutils-1.8.3.jar' to classloader
2015-10-20 15:17:24.467 INFO  (coreLoadExecutor-6-thread-1) [   ] o.a.s.c.SolrResourceLoader Adding 'file:/home/nikhin/Downloads/solr-5.3.1/contrib/velocity/lib/commons-collections-3.2.1.jar' to classloader
2015-10-20 15:17:24.467 INFO  (coreLoadExecutor-6-thread-1) [   ] o.a.s.c.SolrResourceLoader Adding 'file:/home/nikhin/Downloads/solr-5.3.1/contrib/velocity/lib/velocity-tools-2.0.jar' to classloader
2015-10-20 15:17:24.467 INFO  (coreLoadExecutor-6-thread-1) [   ] o.a.s.c.SolrResourceLoader Adding 'file:/home/nikhin/Downloads/solr-5.3.1/contrib/velocity/lib/velocity-1.7.jar' to classloader
2015-10-20 15:17:24.470 INFO  (coreLoadExecutor-6-thread-1) [   ] o.a.s.c.SolrResourceLoader Adding 'file:/home/nikhin/Downloads/solr-5.3.1/dist/solr-velocity-5.3.1.jar' to classloader
2015-10-20 15:17:24.966 INFO  (coreLoadExecutor-6-thread-1) [   ] o.a.s.c.SolrConfig Using Lucene MatchVersion: 5.3.1
2015-10-20 15:17:25.524 INFO  (coreLoadExecutor-6-thread-1) [   ] o.a.s.c.Config Loaded SolrConfig: solrconfig.xml
2015-10-20 15:17:25.556 INFO  (coreLoadExecutor-6-thread-1) [   ] o.a.s.s.IndexSchema Reading Solr Schema from /home/nikhin/Downloads/solr-5.3.1/server/solr/cloudwiki/conf/managed-schema
2015-10-20 15:17:25.810 INFO  (coreLoadExecutor-6-thread-1) [   ] o.a.s.s.IndexSchema [cloudwiki] Schema name=example-data-driven-schema
2015-10-20 15:17:26.916 INFO  (coreLoadExecutor-6-thread-1) [   ] o.a.s.s.IndexSchema unique key field: id
2015-10-20 15:17:27.320 INFO  (coreLoadExecutor-6-thread-1) [   ] o.a.s.s.FileExchangeRateProvider Reloading exchange rates from file currency.xml
2015-10-20 15:17:27.328 INFO  (coreLoadExecutor-6-thread-1) [   ] o.a.s.s.FileExchangeRateProvider Reloading exchange rates from file currency.xml
2015-10-20 15:17:27.440 INFO  (coreLoadExecutor-6-thread-1) [   ] o.a.s.c.ConfigSetProperties Did not find ConfigSet properties, assuming default properties: Can't find resource 'configsetprops.json' in classpath or '/home/nikhin/Downloads/solr-5.3.1/server/solr/cloudwiki/conf'
2015-10-20 15:17:27.440 INFO  (coreLoadExecutor-6-thread-1) [   ] o.a.s.c.CoreContainer Creating SolrCore 'cloudwiki' using configuration from instancedir /home/nikhin/Downloads/solr-5.3.1/server/solr/cloudwiki/
2015-10-20 15:17:27.448 INFO  (coreLoadExecutor-6-thread-1) [   x:cloudwiki] o.a.s.c.SolrCore solr.NRTCachingDirectoryFactory
2015-10-20 15:17:27.471 INFO  (coreLoadExecutor-6-thread-1) [   x:cloudwiki] o.a.s.c.SolrCore [[cloudwiki] ] Opening new SolrCore at [/home/nikhin/Downloads/solr-5.3.1/server/solr/cloudwiki/], dataDir=[null]
2015-10-20 15:17:27.483 INFO  (coreLoadExecutor-6-thread-1) [   x:cloudwiki] o.a.s.c.JmxMonitoredMap No JMX servers found, not exposing Solr information with JMX.
2015-10-20 15:17:27.496 INFO  (coreLoadExecutor-6-thread-1) [   x:cloudwiki] o.a.s.c.SolrCore [[cloudwiki] ] Added SolrEventListener for newSearcher: [org.apache.solr.core.QuerySenderListener{queries=[]}]
2015-10-20 15:17:27.496 INFO  (coreLoadExecutor-6-thread-1) [   x:cloudwiki] o.a.s.c.SolrCore [[cloudwiki] ] Added SolrEventListener for firstSearcher: [org.apache.solr.core.QuerySenderListener{queries=[]}]
2015-10-20 15:17:27.523 INFO  (coreLoadExecutor-6-thread-1) [   x:cloudwiki] o.a.s.c.CachingDirectoryFactory return new directory for /home/nikhin/Downloads/solr-5.3.1/server/solr/cloudwiki/data
2015-10-20 15:17:27.523 INFO  (coreLoadExecutor-6-thread-1) [   x:cloudwiki] o.a.s.c.SolrCore New index directory detected: old=null new=/home/nikhin/Downloads/solr-5.3.1/server/solr/cloudwiki/data/index/
2015-10-20 15:17:27.524 INFO  (coreLoadExecutor-6-thread-1) [   x:cloudwiki] o.a.s.c.CachingDirectoryFactory return new directory for /home/nikhin/Downloads/solr-5.3.1/server/solr/cloudwiki/data/index
2015-10-20 15:17:27.555 INFO  (coreLoadExecutor-6-thread-1) [   x:cloudwiki] o.a.s.c.PluginBag queryResponseWriter : 'velocity' created with startup=lazy 
2015-10-20 15:17:27.558 INFO  (coreLoadExecutor-6-thread-1) [   x:cloudwiki] o.a.s.r.XSLTResponseWriter xsltCacheLifetimeSeconds=5
2015-10-20 15:17:27.564 INFO  (OldIndexDirectoryCleanupThreadForCore-cloudwiki) [   x:cloudwiki] o.a.s.c.SolrCore Looking for old index directories to cleanup for core cloudwiki in /home/nikhin/Downloads/solr-5.3.1/server/solr/cloudwiki/data/
2015-10-20 15:17:27.735 INFO  (coreLoadExecutor-6-thread-1) [   x:cloudwiki] o.a.s.u.p.UpdateRequestProcessorChain creating updateRequestProcessorChain "add-unknown-fields-to-the-schema"
2015-10-20 15:17:27.860 INFO  (coreLoadExecutor-6-thread-1) [   x:cloudwiki] o.a.s.c.SolrCore no updateRequestProcessorChain defined as default, creating implicit default
2015-10-20 15:17:27.925 INFO  (coreLoadExecutor-6-thread-1) [   x:cloudwiki] o.a.s.h.l.XMLLoader xsltCacheLifetimeSeconds=60
2015-10-20 15:17:27.927 INFO  (coreLoadExecutor-6-thread-1) [   x:cloudwiki] o.a.s.h.l.XMLLoader xsltCacheLifetimeSeconds=60
2015-10-20 15:17:27.928 INFO  (coreLoadExecutor-6-thread-1) [   x:cloudwiki] o.a.s.h.l.XMLLoader xsltCacheLifetimeSeconds=60
2015-10-20 15:17:27.931 INFO  (coreLoadExecutor-6-thread-1) [   x:cloudwiki] o.a.s.h.l.XMLLoader xsltCacheLifetimeSeconds=60
2015-10-20 15:17:27.942 INFO  (coreLoadExecutor-6-thread-1) [   x:cloudwiki] o.a.s.c.PluginBag requestHandler : '/update/extract' created with startup=lazy 
2015-10-20 15:17:27.946 INFO  (coreLoadExecutor-6-thread-1) [   x:cloudwiki] o.a.s.c.PluginBag requestHandler : '/analysis/field' created with startup=lazy 
2015-10-20 15:17:27.946 INFO  (coreLoadExecutor-6-thread-1) [   x:cloudwiki] o.a.s.c.PluginBag requestHandler : '/analysis/document' created with startup=lazy 
2015-10-20 15:17:27.947 INFO  (coreLoadExecutor-6-thread-1) [   x:cloudwiki] o.a.s.c.PluginBag requestHandler : '/spell' created with startup=lazy 
2015-10-20 15:17:27.948 INFO  (coreLoadExecutor-6-thread-1) [   x:cloudwiki] o.a.s.c.PluginBag requestHandler : '/tvrh' created with startup=lazy 
2015-10-20 15:17:27.948 INFO  (coreLoadExecutor-6-thread-1) [   x:cloudwiki] o.a.s.c.PluginBag requestHandler : '/terms' created with startup=lazy 
2015-10-20 15:17:27.948 INFO  (coreLoadExecutor-6-thread-1) [   x:cloudwiki] o.a.s.c.PluginBag requestHandler : '/elevate' created with startup=lazy 
2015-10-20 15:17:27.948 INFO  (coreLoadExecutor-6-thread-1) [   x:cloudwiki] o.a.s.c.RequestHandlers Registered paths: /admin/logging,/admin/plugins,/admin/system,/admin/segments,/admin/file,/admin/luke,/update,/terms,/stream,/admin/threads,/schema,/query,/replication,/analysis/field,/browse,/admin/ping,/update/json/docs,/analysis/document,/select,/admin/mbeans,/update/csv,/elevate,/get,/update/json,/export,/update/extract,/admin/properties,/tvrh,/spell,/config,/debug/dump
2015-10-20 15:17:27.950 INFO  (coreLoadExecutor-6-thread-1) [   x:cloudwiki] o.a.s.c.SolrCore Using default statsCache cache: org.apache.solr.search.stats.LocalStatsCache
2015-10-20 15:17:27.960 INFO  (coreLoadExecutor-6-thread-1) [   x:cloudwiki] o.a.s.u.UpdateHandler Using UpdateLog implementation: org.apache.solr.update.UpdateLog
2015-10-20 15:17:27.961 INFO  (coreLoadExecutor-6-thread-1) [   x:cloudwiki] o.a.s.u.UpdateLog Initializing UpdateLog: dataDir= defaultSyncLevel=FLUSH numRecordsToKeep=100 maxNumLogsToKeep=10 numVersionBuckets=65536
2015-10-20 15:17:27.988 INFO  (coreLoadExecutor-6-thread-1) [   x:cloudwiki] o.a.s.c.SolrCore Hard AutoCommit: if uncommited for 15000ms; 
2015-10-20 15:17:27.988 INFO  (coreLoadExecutor-6-thread-1) [   x:cloudwiki] o.a.s.c.SolrCore Soft AutoCommit: disabled
2015-10-20 15:17:28.040 INFO  (coreLoadExecutor-6-thread-1) [   x:cloudwiki] o.a.s.c.SolrCore SolrDeletionPolicy.onInit: commits: num=1
	commit{dir=NRTCachingDirectory(MMapDirectory@/home/nikhin/Downloads/solr-5.3.1/server/solr/cloudwiki/data/index lockFactory=org.apache.lucene.store.NativeFSLockFactory@5f86f40f; maxCacheMB=48.0 maxMergeSizeMB=4.0),segFN=segments_7,generation=7}
2015-10-20 15:17:28.040 INFO  (coreLoadExecutor-6-thread-1) [   x:cloudwiki] o.a.s.c.SolrCore newest commit generation = 7
2015-10-20 15:17:28.117 INFO  (coreLoadExecutor-6-thread-1) [   x:cloudwiki] o.a.s.s.SolrIndexSearcher Opening Searcher@434d54de[cloudwiki] main
2015-10-20 15:17:28.123 INFO  (coreLoadExecutor-6-thread-1) [   x:cloudwiki] o.a.s.r.ManagedResourceStorage File-based storage initialized to use dir: /home/nikhin/Downloads/solr-5.3.1/server/solr/cloudwiki/conf
2015-10-20 15:17:28.123 INFO  (coreLoadExecutor-6-thread-1) [   x:cloudwiki] o.a.s.r.RestManager Initializing RestManager with initArgs: {storageDir=/home/nikhin/Downloads/solr-5.3.1/server/solr/cloudwiki/conf}
2015-10-20 15:17:28.132 INFO  (coreLoadExecutor-6-thread-1) [   x:cloudwiki] o.a.s.r.ManagedResourceStorage Reading _rest_managed.json using file:dir=/home/nikhin/Downloads/solr-5.3.1/server/solr/cloudwiki/conf
2015-10-20 15:17:28.134 INFO  (coreLoadExecutor-6-thread-1) [   x:cloudwiki] o.a.s.r.RestManager Initializing 0 registered ManagedResources
2015-10-20 15:17:28.140 INFO  (coreLoadExecutor-6-thread-1) [   x:cloudwiki] o.a.s.h.c.SpellCheckComponent Initializing spell checkers
2015-10-20 15:17:28.146 INFO  (coreLoadExecutor-6-thread-1) [   x:cloudwiki] o.a.s.s.DirectSolrSpellChecker init: {name=default,field=text,classname=solr.DirectSolrSpellChecker,distanceMeasure=internal,accuracy=0.5,maxEdits=2,minPrefix=1,maxInspections=5,minQueryLength=4,maxQueryFrequency=0.01}
2015-10-20 15:17:28.152 INFO  (coreLoadExecutor-6-thread-1) [   x:cloudwiki] o.a.s.h.c.SpellCheckComponent No queryConverter defined, using default converter
2015-10-20 15:17:28.154 INFO  (coreLoadExecutor-6-thread-1) [   x:cloudwiki] o.a.s.h.c.QueryElevationComponent Loading QueryElevation from: /home/nikhin/Downloads/solr-5.3.1/server/solr/cloudwiki/conf/elevate.xml
2015-10-20 15:17:28.172 INFO  (coreLoadExecutor-6-thread-1) [   x:cloudwiki] o.a.s.h.ReplicationHandler Commits will be reserved for  10000
2015-10-20 15:17:28.181 INFO  (searcherExecutor-7-thread-1-processing-x:cloudwiki) [   x:cloudwiki] o.a.s.c.SolrCore QuerySenderListener sending requests to Searcher@434d54de[cloudwiki] main{ExitableDirectoryReader(UninvertingDirectoryReader(Uninverting(_2(5.3.1):C2) Uninverting(_3(5.3.1):C1) Uninverting(_7(5.3.1):C2/1:delGen=1)))}
2015-10-20 15:17:28.182 INFO  (searcherExecutor-7-thread-1-processing-x:cloudwiki) [   x:cloudwiki] o.a.s.c.SolrCore QuerySenderListener done.
2015-10-20 15:17:28.182 INFO  (searcherExecutor-7-thread-1-processing-x:cloudwiki) [   x:cloudwiki] o.a.s.h.c.SpellCheckComponent Loading spell index for spellchecker: default
2015-10-20 15:17:28.183 INFO  (searcherExecutor-7-thread-1-processing-x:cloudwiki) [   x:cloudwiki] o.a.s.h.c.SpellCheckComponent Loading spell index for spellchecker: wordbreak
2015-10-20 15:17:28.183 INFO  (searcherExecutor-7-thread-1-processing-x:cloudwiki) [   x:cloudwiki] o.a.s.c.SolrCore [cloudwiki] Registered new searcher Searcher@434d54de[cloudwiki] main{ExitableDirectoryReader(UninvertingDirectoryReader(Uninverting(_2(5.3.1):C2) Uninverting(_3(5.3.1):C1) Uninverting(_7(5.3.1):C2/1:delGen=1)))}
2015-10-20 15:17:28.199 INFO  (coreLoadExecutor-6-thread-1) [   x:cloudwiki] o.a.s.u.UpdateLog Looking up max value of version field to seed version buckets
2015-10-20 15:17:28.200 INFO  (coreLoadExecutor-6-thread-1) [   x:cloudwiki] o.a.s.u.VersionInfo Refreshing highest value of _version_ for 65536 version buckets from index
2015-10-20 15:17:28.214 INFO  (coreLoadExecutor-6-thread-1) [   x:cloudwiki] o.a.s.u.VersionInfo Found MAX value 1515502604501647360 from Terms for _version_ in index
2015-10-20 15:17:28.218 INFO  (coreLoadExecutor-6-thread-1) [   x:cloudwiki] o.a.s.u.UpdateLog Took 19 ms to seed version buckets with highest version 1515502604501647360
2015-10-20 15:17:28.219 INFO  (coreLoadExecutor-6-thread-1) [   x:cloudwiki] o.a.s.c.CoreContainer registering core: cloudwiki
2015-10-20 15:20:35.629 INFO  (qtp1223656947-16) [   x:cloudwiki] o.a.s.c.S.Request [cloudwiki] webapp=/solr path=/select params={q=*:*&_=1445354435574&wt=json} hits=4 status=0 QTime=51 
2015-10-20 15:20:36.684 INFO  (qtp1223656947-18) [   x:cloudwiki] o.a.s.c.S.Request [cloudwiki] webapp=/solr path=/select params={q=*:*&_=1445354436680&wt=json} hits=4 status=0 QTime=0 
2015-10-20 15:20:37.494 INFO  (qtp1223656947-14) [   x:cloudwiki] o.a.s.c.S.Request [cloudwiki] webapp=/solr path=/select params={q=*:*&_=1445354437491&wt=json} hits=4 status=0 QTime=0 
2015-10-20 15:20:38.912 INFO  (qtp1223656947-16) [   x:cloudwiki] o.a.s.c.S.Request [cloudwiki] webapp=/solr path=/select params={q=*:*&_=1445354438901&wt=json} hits=4 status=0 QTime=1 
2015-10-20 15:20:40.745 INFO  (qtp1223656947-19) [   x:cloudwiki] o.a.s.c.S.Request [cloudwiki] webapp=/solr path=/admin/luke params={numTerms=0&_=1445354440723&show=index&wt=json} status=0 QTime=5 
2015-10-20 15:20:40.771 INFO  (qtp1223656947-13) [   x:cloudwiki] o.a.s.c.S.Request [cloudwiki] webapp=/solr path=/replication params={command=details&_=1445354440741&wt=json} status=0 QTime=12 
2015-10-20 15:20:40.808 ERROR (qtp1223656947-17) [   x:cloudwiki] o.a.s.h.a.ShowFileRequestHandler Can not find: admin-extra.html [/home/nikhin/Downloads/solr-5.3.1/server/solr/cloudwiki/conf/admin-extra.html]
2015-10-20 15:20:40.811 INFO  (qtp1223656947-17) [   x:cloudwiki] o.a.s.c.S.Request [cloudwiki] webapp=/solr path=/admin/file params={file=admin-extra.html&_=1445354440787} status=404 QTime=3 
2015-10-20 15:20:40.859 INFO  (qtp1223656947-14) [   x:cloudwiki] o.a.s.c.S.Request [cloudwiki] webapp=/solr path=/admin/ping params={action=status&_=1445354440821&wt=json} status=503 QTime=22 
2015-10-20 15:20:40.886 INFO  (qtp1223656947-20) [   x:cloudwiki] o.a.s.c.S.Request [cloudwiki] webapp=/solr path=/admin/system params={_=1445354440765&wt=json} status=0 QTime=100 
